d:\code\vs\project\project12（空洞武士）\project12（空洞武士）\x64\release\vc143.pdb
d:\code\vs\project\project12（空洞武士）\project12（空洞武士）\x64\release\vector2.obj
d:\code\vs\project\project12（空洞武士）\project12（空洞武士）\x64\release\sword.obj
d:\code\vs\project\project12（空洞武士）\project12（空洞武士）\x64\release\state_machine.obj
d:\code\vs\project\project12（空洞武士）\project12（空洞武士）\x64\release\resources_manager.obj
d:\code\vs\project\project12（空洞武士）\project12（空洞武士）\x64\release\player_state_nodes.obj
d:\code\vs\project\project12（空洞武士）\project12（空洞武士）\x64\release\player.obj
d:\code\vs\project\project12（空洞武士）\project12（空洞武士）\x64\release\main.obj
d:\code\vs\project\project12（空洞武士）\project12（空洞武士）\x64\release\enemy_state_node.obj
d:\code\vs\project\project12（空洞武士）\project12（空洞武士）\x64\release\enemy.obj
d:\code\vs\project\project12（空洞武士）\project12（空洞武士）\x64\release\collision_manager.obj
d:\code\vs\project\project12（空洞武士）\project12（空洞武士）\x64\release\character_manager.obj
d:\code\vs\project\project12（空洞武士）\project12（空洞武士）\x64\release\character.obj
d:\code\vs\project\project12（空洞武士）\project12（空洞武士）\x64\release\bullet_time_manager.obj
d:\code\vs\project\project12（空洞武士）\project12（空洞武士）\x64\release\barb.obj
d:\code\vs\project\project12（空洞武士）\project12（空洞武士）\x64\release\atlas.obj
d:\code\vs\project\project12（空洞武士）\x64\release\project12（空洞武士）.exe
d:\code\vs\project\project12（空洞武士）\x64\release\project12（空洞武士）.pdb
d:\code\vs\project\project12（空洞武士）\project12（空洞武士）\x64\release\project12（空洞武士）.ipdb
d:\code\vs\project\project12（空洞武士）\project12（空洞武士）\x64\release\project12（空洞武士）.iobj
d:\code\vs\project\project12（空洞武士）\project12（空洞武士）\x64\release\project12（空洞武士）.tlog\cl.command.1.tlog
d:\code\vs\project\project12（空洞武士）\project12（空洞武士）\x64\release\project12（空洞武士）.tlog\cl.items.tlog
d:\code\vs\project\project12（空洞武士）\project12（空洞武士）\x64\release\project12（空洞武士）.tlog\cl.read.1.tlog
d:\code\vs\project\project12（空洞武士）\project12（空洞武士）\x64\release\project12（空洞武士）.tlog\cl.write.1.tlog
d:\code\vs\project\project12（空洞武士）\project12（空洞武士）\x64\release\project12（空洞武士）.tlog\link.command.1.tlog
d:\code\vs\project\project12（空洞武士）\project12（空洞武士）\x64\release\project12（空洞武士）.tlog\link.read.1.tlog
d:\code\vs\project\project12（空洞武士）\project12（空洞武士）\x64\release\project12（空洞武士）.tlog\link.secondary.1.tlog
d:\code\vs\project\project12（空洞武士）\project12（空洞武士）\x64\release\project12（空洞武士）.tlog\link.write.1.tlog
