d:\code\vs\project\project12（空洞武士）\project12（空洞武士）\x64\debug\vc143.pdb
d:\code\vs\project\project12（空洞武士）\project12（空洞武士）\x64\debug\vc143.idb
d:\code\vs\project\project12（空洞武士）\project12（空洞武士）\x64\debug\vector2.obj
d:\code\vs\project\project12（空洞武士）\project12（空洞武士）\x64\debug\sword.obj
d:\code\vs\project\project12（空洞武士）\project12（空洞武士）\x64\debug\state_machine.obj
d:\code\vs\project\project12（空洞武士）\project12（空洞武士）\x64\debug\resources_manager.obj
d:\code\vs\project\project12（空洞武士）\project12（空洞武士）\x64\debug\player_state_nodes.obj
d:\code\vs\project\project12（空洞武士）\project12（空洞武士）\x64\debug\player.obj
d:\code\vs\project\project12（空洞武士）\project12（空洞武士）\x64\debug\main.obj
d:\code\vs\project\project12（空洞武士）\project12（空洞武士）\x64\debug\enemy_state_node.obj
d:\code\vs\project\project12（空洞武士）\project12（空洞武士）\x64\debug\enemy.obj
d:\code\vs\project\project12（空洞武士）\project12（空洞武士）\x64\debug\collision_manager.obj
d:\code\vs\project\project12（空洞武士）\project12（空洞武士）\x64\debug\character_manager.obj
d:\code\vs\project\project12（空洞武士）\project12（空洞武士）\x64\debug\character.obj
d:\code\vs\project\project12（空洞武士）\project12（空洞武士）\x64\debug\bullet_time_manager.obj
d:\code\vs\project\project12（空洞武士）\project12（空洞武士）\x64\debug\barb.obj
d:\code\vs\project\project12（空洞武士）\project12（空洞武士）\x64\debug\atlas.obj
d:\code\vs\project\project12（空洞武士）\x64\debug\project12（空洞武士）.exe
d:\code\vs\project\project12（空洞武士）\x64\debug\project12（空洞武士）.pdb
d:\code\vs\project\project12（空洞武士）\project12（空洞武士）\x64\debug\project12（空洞武士）.ilk
d:\code\vs\project\project12（空洞武士）\project12（空洞武士）\x64\debug\project12（空洞武士）.tlog\cl.command.1.tlog
d:\code\vs\project\project12（空洞武士）\project12（空洞武士）\x64\debug\project12（空洞武士）.tlog\cl.items.tlog
d:\code\vs\project\project12（空洞武士）\project12（空洞武士）\x64\debug\project12（空洞武士）.tlog\cl.read.1.tlog
d:\code\vs\project\project12（空洞武士）\project12（空洞武士）\x64\debug\project12（空洞武士）.tlog\cl.write.1.tlog
d:\code\vs\project\project12（空洞武士）\project12（空洞武士）\x64\debug\project12（空洞武士）.tlog\link.command.1.tlog
d:\code\vs\project\project12（空洞武士）\project12（空洞武士）\x64\debug\project12（空洞武士）.tlog\link.read.1.tlog
d:\code\vs\project\project12（空洞武士）\project12（空洞武士）\x64\debug\project12（空洞武士）.tlog\link.secondary.1.tlog
d:\code\vs\project\project12（空洞武士）\project12（空洞武士）\x64\debug\project12（空洞武士）.tlog\link.write.1.tlog
